#
# A fatal error has been detected by the Java Runtime Environment:
#
#  SIGSEGV (0xb) at pc=0xb695b0cf, pid=3680, tid=2378885952
#
# JRE version: Java(TM) SE Runtime Environment (7.0_45-b18) (build 1.7.0_45-b18)
# Java VM: Java HotSpot(TM) Server VM (24.45-b08 mixed mode linux-x86 )
# Problematic frame:
# V  [libjvm.so+0x12a0cf]  immPOper::constant() const+0xf
#
# Failed to write core dump. Core dumps have been disabled. To enable core dumping, try "ulimit -c unlimited" before starting Java again
#
# If you would like to submit a bug report, please visit:
#   http://bugreport.sun.com/bugreport/crash.jsp
#

---------------  T H R E A D  ---------------

Current thread (0x8df96400):  JavaThread "C2 CompilerThread0" daemon [_thread_in_native, id=3702, stack(0x8dc2e000,0x8dcaf000)]

siginfo:si_signo=SIGSEGV: si_errno=0, si_code=1 (SEGV_MAPERR), si_addr=0x00000042

Registers:
EAX=0x8cf8d1e8, EBX=0xb70f4574, ECX=0xb70f4574, EDX=0x00000012
ESP=0x8dcac9d0, EBP=0x8dcac9e8, ESI=0x8b401cf8, EDI=0x8dcaca60
EIP=0xb695b0cf, EFLAGS=0x00210286, CR2=0x00000042

Top of Stack: (sp=0x8dcac9d0)
0x8dcac9d0:   8cf8d1e8 00000000 00000001 b6b0587e
0x8dcac9e0:   b704f4d4 b70f4574 8dcaca38 b6922c9e
0x8dcac9f0:   8b401d48 8dcad3d0 8b401cf8 b70f4574
0x8dcaca00:   00000005 8dcaca60 8dcaca38 b6b0587e
0x8dcaca10:   b704f4d4 b704f374 b704f4fc b6b06dfe
0x8dcaca20:   8dcacadc b37c7800 b37c78a0 b70f4574
0x8dcaca30:   8dcad3d0 8dcacab4 8dcacb58 b6b1d330
0x8dcaca40:   8b401cf8 8dcaca60 8dcad3d0 8dcacab4 

Instructions: (pc=0xb695b0cf)
0xb695b0af:   90 55 89 e5 8b 45 08 5d 8b 40 04 c3 90 90 90 90
0xb695b0bf:   90 55 89 e5 83 ec 14 8b 45 08 8b 40 04 8b 10 50
0xb695b0cf:   ff 52 30 c9 c3 90 90 90 90 90 90 90 90 90 90 90
0xb695b0df:   90 55 31 c0 89 e5 5d c3 90 90 90 90 90 90 90 90 

Register to memory mapping:

EAX=0x8cf8d1e8 is an unknown value
EBX=0xb70f4574: <offset 0x8c3574> in /usr/local/src/jdk1.7.0_45/jre/lib/i386/server/libjvm.so at 0xb6831000
ECX=0xb70f4574: <offset 0x8c3574> in /usr/local/src/jdk1.7.0_45/jre/lib/i386/server/libjvm.so at 0xb6831000
EDX=0x00000012 is an unknown value
ESP=0x8dcac9d0 is pointing into the stack for thread: 0x8df96400
EBP=0x8dcac9e8 is pointing into the stack for thread: 0x8df96400
ESI=0x8b401cf8 is an unknown value
EDI=0x8dcaca60 is pointing into the stack for thread: 0x8df96400


Stack: [0x8dc2e000,0x8dcaf000],  sp=0x8dcac9d0,  free space=506k
Native frames: (J=compiled Java code, j=interpreted, Vv=VM code, C=native code)
V  [libjvm.so+0x12a0cf]  immPOper::constant() const+0xf
V  [libjvm.so+0xf1c9e]  loadConPNode::emit(CodeBuffer&, PhaseRegAlloc*) const+0x5e
V  [libjvm.so+0x2ec330]  Compile::scratch_emit_size(Node const*)+0x2d0
V  [libjvm.so+0x5e3c33]  MachNode::size(PhaseRegAlloc*) const+0x23
V  [libjvm.so+0x68bb1c]  Compile::shorten_branches(unsigned int*, int&, int&, int&)+0x1fc
V  [libjvm.so+0x68c222]  Compile::init_buffer(unsigned int*)+0x1a2
V  [libjvm.so+0x691c08]  Compile::Output()+0x378
V  [libjvm.so+0x2f10a7]  Compile::Code_Gen()+0x467
V  [libjvm.so+0x2f63db]  Compile::Compile(ciEnv*, C2Compiler*, ciMethod*, int, bool, bool)+0x10fb
V  [libjvm.so+0x269e7f]  C2Compiler::compile_method(ciEnv*, ciMethod*, int)+0x19f
V  [libjvm.so+0x2fc935]  CompileBroker::invoke_compiler_on_method(CompileTask*)+0x345
V  [libjvm.so+0x2fd78f]  CompileBroker::compiler_thread_loop()+0x42f
V  [libjvm.so+0x791978]  compiler_thread_entry(JavaThread*, Thread*)+0x18
V  [libjvm.so+0x7994a9]  JavaThread::thread_main_inner()+0x109
V  [libjvm.so+0x799603]  JavaThread::run()+0x123
V  [libjvm.so+0x67e0f9]  java_start(Thread*)+0x119
C  [libpthread.so.0+0x6d4c]  start_thread+0xcc


Current CompileTask:
C2:  35532  585 % !         org.mortbay.jetty.webapp.TagLibConfiguration::configureWebApp @ 503 (1252 bytes)


---------------  P R O C E S S  ---------------

Java Threads: ( => current thread )
  0x8abdf400 JavaThread "Timer-0" daemon [_thread_blocked, id=3711, stack(0x8bfaf000,0x8c000000)]
  0x8c49cc00 JavaThread "13010717@qtp-29648304-1" [_thread_blocked, id=3710, stack(0x8c1af000,0x8c200000)]
  0x8b68d800 JavaThread "15705926@qtp-29648304-0" [_thread_blocked, id=3709, stack(0x8c840000,0x8c891000)]
  0x8c4d7400 JavaThread "File lock request listener" [_thread_in_native, id=3708, stack(0x8c89b000,0x8c8ec000)]
  0x8d06ac00 JavaThread "process reaper" daemon [_thread_blocked, id=3707, stack(0x8cb56000,0x8cb6f000)]
  0x8df9a000 JavaThread "Service Thread" daemon [_thread_blocked, id=3704, stack(0x8d6c9000,0x8d71a000)]
  0x8df98400 JavaThread "C2 CompilerThread1" daemon [_thread_in_native, id=3703, stack(0x8d71a000,0x8d79b000)]
=>0x8df96400 JavaThread "C2 CompilerThread0" daemon [_thread_in_native, id=3702, stack(0x8dc2e000,0x8dcaf000)]
  0x8df94800 JavaThread "Signal Dispatcher" daemon [_thread_blocked, id=3701, stack(0x8dcaf000,0x8dd00000)]
  0x8df85000 JavaThread "Finalizer" daemon [_thread_blocked, id=3700, stack(0x8f72e000,0x8f77f000)]
  0x8df82800 JavaThread "Reference Handler" daemon [_thread_blocked, id=3699, stack(0x8de2e000,0x8de7f000)]
  0xb6607400 JavaThread "main" [_thread_in_Java, id=3693, stack(0xb67b4000,0xb6805000)]

Other Threads:
  0x8df81000 VMThread [stack: 0x8de7f000,0x8df00000] [id=3698]
  0x8df9c000 WatcherThread [stack: 0x8d648000,0x8d6c9000] [id=3705]

VM state:not at safepoint (normal execution)

VM Mutex/Monitor currently owned by a thread: None

Heap
 PSYoungGen      total 139520K, used 27508K [0xa8d80000, 0xb3500000, 0xb3500000)
  eden space 127232K, 12% used [0xa8d80000,0xa9d06248,0xb09c0000)
  from space 12288K, 94% used [0xb09c0000,0xb1516e18,0xb15c0000)
  to   space 14080K, 0% used [0xb2740000,0xb2740000,0xb3500000)
 ParOldGen       total 38400K, used 20580K [0x93f00000, 0x96480000, 0xa8d80000)
  object space 38400K, 53% used [0x93f00000,0x95319090,0x96480000)
 PSPermGen       total 28672K, used 21733K [0x8ff00000, 0x91b00000, 0x93f00000)
  object space 28672K, 75% used [0x8ff00000,0x91439758,0x91b00000)

Card table byte_map: [0x8fde4000,0x8ff00000] byte_map_base: 0x8f964800

Polling page: 0xb770d000

Code Cache  [0xb35e7000, 0xb38b7000, 0xb65e7000)
 total_blobs=952 nmethods=564 adapters=341 free_code_cache=46351Kb largest_free_block=47404032

Compilation events (10 events):
Event: 34.678 Thread 0x8df98400 nmethod 605 0xb389b8c8 code [0xb389ba00, 0xb389bc64]
Event: 34.678 Thread 0x8df98400  606             org.apache.xerces.util.NamespaceSupport::getURI (38 bytes)
Event: 34.684 Thread 0x8df98400 nmethod 606 0xb389b648 code [0xb389b740, 0xb389b810]
Event: 34.685 Thread 0x8df98400  607 % !         org.apache.xerces.impl.XMLDocumentFragmentScannerImpl$FragmentContentDispatcher::dispatch @ 0 (1126 bytes)
Event: 35.402 Thread 0x8df98400 nmethod 607% 0xb38a87c8 code [0xb38a9140, 0xb38ad248]
Event: 35.403 Thread 0x8df98400  608             org.apache.xerces.impl.XMLEntityScanner::scanName (319 bytes)
Event: 35.452 Thread 0x8df98400 nmethod 608 0xb37c7a08 code [0xb37c7ba0, 0xb37c8338]
Event: 35.452 Thread 0x8df98400  609             org.apache.xerces.impl.XMLEntityScanner::peekChar (65 bytes)
Event: 35.457 Thread 0x8df98400 nmethod 609 0xb389b348 code [0xb389b440, 0xb389b53c]
Event: 35.458 Thread 0x8df98400  610             org.mortbay.xml.XmlParser$Handler::startElement (329 bytes)

GC Heap History (10 events):
Event: 10.048 GC heap before
{Heap before GC invocations=6 (full 0):
 PSYoungGen      total 34048K, used 34040K [0xa8d80000, 0xadb00000, 0xb3500000)
  eden space 32768K, 100% used [0xa8d80000,0xaad80000,0xaad80000)
  from space 1280K, 99% used [0xaad80000,0xaaebe268,0xaaec0000)
  to   space 6912K, 0% used [0xad440000,0xad440000,0xadb00000)
 ParOldGen       total 21248K, used 12236K [0x93f00000, 0x953c0000, 0xa8d80000)
  object space 21248K, 57% used [0x93f00000,0x94af31a8,0x953c0000)
 PSPermGen       total 16384K, used 12059K [0x8ff00000, 0x90f00000, 0x93f00000)
  object space 16384K, 73% used [0x8ff00000,0x90ac6fa8,0x90f00000)
Event: 10.088 GC heap after
Heap after GC invocations=6 (full 0):
 PSYoungGen      total 71936K, used 5147K [0xa8d80000, 0xadc00000, 0xb3500000)
  eden space 65024K, 0% used [0xa8d80000,0xa8d80000,0xacd00000)
  from space 6912K, 74% used [0xad440000,0xad946db0,0xadb00000)
  to   space 7424K, 0% used [0xacd00000,0xacd00000,0xad440000)
 ParOldGen       total 21248K, used 12236K [0x93f00000, 0x953c0000, 0xa8d80000)
  object space 21248K, 57% used [0x93f00000,0x94af31a8,0x953c0000)
 PSPermGen       total 16384K, used 12059K [0x8ff00000, 0x90f00000, 0x93f00000)
  object space 16384K, 73% used [0x8ff00000,0x90ac6fa8,0x90f00000)
}
Event: 13.751 GC heap before
{Heap before GC invocations=7 (full 0):
 PSYoungGen      total 71936K, used 70171K [0xa8d80000, 0xadc00000, 0xb3500000)
  eden space 65024K, 100% used [0xa8d80000,0xacd00000,0xacd00000)
  from space 6912K, 74% used [0xad440000,0xad946db0,0xadb00000)
  to   space 7424K, 0% used [0xacd00000,0xacd00000,0xad440000)
 ParOldGen       total 21248K, used 12236K [0x93f00000, 0x953c0000, 0xa8d80000)
  object space 21248K, 57% used [0x93f00000,0x94af31a8,0x953c0000)
 PSPermGen       total 16384K, used 13242K [0x8ff00000, 0x90f00000, 0x93f00000)
  object space 16384K, 80% used [0x8ff00000,0x90bee8b0,0x90f00000)
Event: 13.811 GC heap after
Heap after GC invocations=7 (full 0):
 PSYoungGen      total 72448K, used 7410K [0xa8d80000, 0xb1f00000, 0xb3500000)
  eden space 65024K, 0% used [0xa8d80000,0xa8d80000,0xacd00000)
  from space 7424K, 99% used [0xacd00000,0xad43c9d0,0xad440000)
  to   space 9472K, 0% used [0xb15c0000,0xb15c0000,0xb1f00000)
 ParOldGen       total 21248K, used 14159K [0x93f00000, 0x953c0000, 0xa8d80000)
  object space 21248K, 66% used [0x93f00000,0x94cd3c68,0x953c0000)
 PSPermGen       total 16384K, used 13242K [0x8ff00000, 0x90f00000, 0x93f00000)
  object space 16384K, 80% used [0x8ff00000,0x90bee8b0,0x90f00000)
}
Event: 18.407 GC heap before
{Heap before GC invocations=8 (full 0):
 PSYoungGen      total 72448K, used 72434K [0xa8d80000, 0xb1f00000, 0xb3500000)
  eden space 65024K, 100% used [0xa8d80000,0xacd00000,0xacd00000)
  from space 7424K, 99% used [0xacd00000,0xad43c9d0,0xad440000)
  to   space 9472K, 0% used [0xb15c0000,0xb15c0000,0xb1f00000)
 ParOldGen       total 21248K, used 14159K [0x93f00000, 0x953c0000, 0xa8d80000)
  object space 21248K, 66% used [0x93f00000,0x94cd3c68,0x953c0000)
 PSPermGen       total 16384K, used 14225K [0x8ff00000, 0x90f00000, 0x93f00000)
  object space 16384K, 86% used [0x8ff00000,0x90ce46d8,0x90f00000)
Event: 18.498 GC heap after
Heap after GC invocations=8 (full 0):
 PSYoungGen      total 136704K, used 9459K [0xa8d80000, 0xb2480000, 0xb3500000)
  eden space 127232K, 0% used [0xa8d80000,0xa8d80000,0xb09c0000)
  from space 9472K, 99% used [0xb15c0000,0xb1efcf48,0xb1f00000)
  to   space 12288K, 0% used [0xb09c0000,0xb09c0000,0xb15c0000)
 ParOldGen       total 21248K, used 17015K [0x93f00000, 0x953c0000, 0xa8d80000)
  object space 21248K, 80% used [0x93f00000,0x94f9df68,0x953c0000)
 PSPermGen       total 16384K, used 14225K [0x8ff00000, 0x90f00000, 0x93f00000)
  object space 16384K, 86% used [0x8ff00000,0x90ce46d8,0x90f00000)
}
Event: 18.498 GC heap before
{Heap before GC invocations=9 (full 1):
 PSYoungGen      total 136704K, used 9459K [0xa8d80000, 0xb2480000, 0xb3500000)
  eden space 127232K, 0% used [0xa8d80000,0xa8d80000,0xb09c0000)
  from space 9472K, 99% used [0xb15c0000,0xb1efcf48,0xb1f00000)
  to   space 12288K, 0% used [0xb09c0000,0xb09c0000,0xb15c0000)
 ParOldGen       total 21248K, used 17015K [0x93f00000, 0x953c0000, 0xa8d80000)
  object space 21248K, 80% used [0x93f00000,0x94f9df68,0x953c0000)
 PSPermGen       total 16384K, used 14225K [0x8ff00000, 0x90f00000, 0x93f00000)
  object space 16384K, 86% used [0x8ff00000,0x90ce46d8,0x90f00000)
Event: 18.987 GC heap after
Heap after GC invocations=9 (full 1):
 PSYoungGen      total 136704K, used 0K [0xa8d80000, 0xb2480000, 0xb3500000)
  eden space 127232K, 0% used [0xa8d80000,0xa8d80000,0xb09c0000)
  from space 9472K, 0% used [0xb15c0000,0xb15c0000,0xb1f00000)
  to   space 12288K, 0% used [0xb09c0000,0xb09c0000,0xb15c0000)
 ParOldGen       total 38400K, used 20448K [0x93f00000, 0x96480000, 0xa8d80000)
  object space 38400K, 53% used [0x93f00000,0x952f8070,0x96480000)
 PSPermGen       total 28672K, used 14215K [0x8ff00000, 0x91b00000, 0x93f00000)
  object space 28672K, 49% used [0x8ff00000,0x90ce1f68,0x91b00000)
}
Event: 34.274 GC heap before
{Heap before GC invocations=10 (full 1):
 PSYoungGen      total 136704K, used 127232K [0xa8d80000, 0xb2480000, 0xb3500000)
  eden space 127232K, 100% used [0xa8d80000,0xb09c0000,0xb09c0000)
  from space 9472K, 0% used [0xb15c0000,0xb15c0000,0xb1f00000)
  to   space 12288K, 0% used [0xb09c0000,0xb09c0000,0xb15c0000)
 ParOldGen       total 38400K, used 20448K [0x93f00000, 0x96480000, 0xa8d80000)
  object space 38400K, 53% used [0x93f00000,0x952f8070,0x96480000)
 PSPermGen       total 28672K, used 21191K [0x8ff00000, 0x91b00000, 0x93f00000)
  object space 28672K, 73% used [0x8ff00000,0x913b1d60,0x91b00000)
Event: 34.323 GC heap after
Heap after GC invocations=10 (full 1):
 PSYoungGen      total 139520K, used 11611K [0xa8d80000, 0xb3500000, 0xb3500000)
  eden space 127232K, 0% used [0xa8d80000,0xa8d80000,0xb09c0000)
  from space 12288K, 94% used [0xb09c0000,0xb1516e18,0xb15c0000)
  to   space 14080K, 0% used [0xb2740000,0xb2740000,0xb3500000)
 ParOldGen       total 38400K, used 20580K [0x93f00000, 0x96480000, 0xa8d80000)
  object space 38400K, 53% used [0x93f00000,0x95319090,0x96480000)
 PSPermGen       total 28672K, used 21191K [0x8ff00000, 0x91b00000, 0x93f00000)
  object space 28672K, 73% used [0x8ff00000,0x913b1d60,0x91b00000)
}

Deoptimization events (10 events):
Event: 20.416 Thread 0xb6607400 Uncommon trap: reason=class_check action=maybe_recompile pc=0xb36477d4 method=java.io.DataOutputStream.writeUTF(Ljava/lang/String;Ljava/io/DataOutput;)I @ 111
Event: 20.416 Thread 0xb6607400 Uncommon trap: reason=class_check action=maybe_recompile pc=0xb36477d4 method=java.io.DataOutputStream.writeUTF(Ljava/lang/String;Ljava/io/DataOutput;)I @ 111
Event: 24.050 Thread 0xb6607400 Uncommon trap: reason=class_check action=maybe_recompile pc=0xb3746ea4 method=java.io.DataOutputStream.write(I)V @ 5
Event: 24.054 Thread 0xb6607400 Uncommon trap: reason=class_check action=maybe_recompile pc=0xb3746ea4 method=java.io.DataOutputStream.write(I)V @ 5
Event: 24.058 Thread 0xb6607400 Uncommon trap: reason=class_check action=maybe_recompile pc=0xb3746ea4 method=java.io.DataOutputStream.write(I)V @ 5
Event: 24.058 Thread 0xb6607400 Uncommon trap: reason=class_check action=maybe_recompile pc=0xb3746ea4 method=java.io.DataOutputStream.write(I)V @ 5
Event: 27.645 Thread 0xb6607400 Uncommon trap: reason=unreached action=reinterpret pc=0xb37c8898 method=java.net.URL.<init>(Ljava/net/URL;Ljava/lang/String;Ljava/net/URLStreamHandler;)V @ 347
Event: 32.050 Thread 0xb6607400 Uncommon trap: reason=bimorphic action=maybe_recompile pc=0xb37ef0ec method=java.util.AbstractList$Itr.hasNext()Z @ 8
Event: 32.117 Thread 0xb6607400 Uncommon trap: reason=unreached action=reinterpret pc=0xb377773c method=java.lang.Class.arrayContentsEq([Ljava/lang/Object;[Ljava/lang/Object;)Z @ 1
Event: 32.399 Thread 0xb6607400 Uncommon trap: reason=null_check action=make_not_entrant pc=0xb37f8c90 method=java.beans.PropertyDescriptor.setReadMethod(Ljava/lang/reflect/Method;)V @ 60

Internal exceptions (10 events):
Event: 35.413 Thread 0xb6607400 Threw 0xa99f45f0 at /HUDSON/workspace/7u-2-build-linux-i586/jdk7u45/229/hotspot/src/share/vm/prims/jvm.cpp:1244
Event: 35.413 Thread 0xb6607400 Threw 0xa99f5340 at /HUDSON/workspace/7u-2-build-linux-i586/jdk7u45/229/hotspot/src/share/vm/prims/jvm.cpp:1244
Event: 35.414 Thread 0xb6607400 Threw 0xa99f97a0 at /HUDSON/workspace/7u-2-build-linux-i586/jdk7u45/229/hotspot/src/share/vm/prims/jvm.cpp:1244
Event: 35.414 Thread 0xb6607400 Threw 0xa99fa590 at /HUDSON/workspace/7u-2-build-linux-i586/jdk7u45/229/hotspot/src/share/vm/prims/jvm.cpp:1244
Event: 35.414 Thread 0xb6607400 Threw 0xa99fb2e0 at /HUDSON/workspace/7u-2-build-linux-i586/jdk7u45/229/hotspot/src/share/vm/prims/jvm.cpp:1244
Event: 35.415 Thread 0xb6607400 Threw 0xa99ff740 at /HUDSON/workspace/7u-2-build-linux-i586/jdk7u45/229/hotspot/src/share/vm/prims/jvm.cpp:1244
Event: 35.415 Thread 0xb6607400 Threw 0xa9a02f50 at /HUDSON/workspace/7u-2-build-linux-i586/jdk7u45/229/hotspot/src/share/vm/prims/jvm.cpp:1244
Event: 35.416 Thread 0xb6607400 Threw 0xa9a09380 at /HUDSON/workspace/7u-2-build-linux-i586/jdk7u45/229/hotspot/src/share/vm/prims/jvm.cpp:1244
Event: 35.417 Thread 0xb6607400 Threw 0xa9a09c80 at /HUDSON/workspace/7u-2-build-linux-i586/jdk7u45/229/hotspot/src/share/vm/prims/jvm.cpp:1244
Event: 35.418 Thread 0xb6607400 Threw 0xa9a0e650 at /HUDSON/workspace/7u-2-build-linux-i586/jdk7u45/229/hotspot/src/share/vm/prims/jvm.cpp:1244

Events (10 events):
Event: 35.413 loading class 0x8aff5a08
Event: 35.413 loading class 0x8aff5a08 done
Event: 35.414 loading class 0x8aff5a08
Event: 35.414 loading class 0x8aff5a08 done
Event: 35.448 loading class 0x8fa66ce8
Event: 35.449 loading class 0x8fa66ce8 done
Event: 35.449 loading class 0x8fa66ca8
Event: 35.449 loading class 0x8fa66d68
Event: 35.449 loading class 0x8fa66d68 done
Event: 35.449 loading class 0x8fa66ca8 done


Dynamic libraries:
08048000-08049000 r-xp 00000000 07:00 809401     /usr/local/src/jdk1.7.0_45/bin/java
08049000-0804a000 rw-p 00000000 07:00 809401     /usr/local/src/jdk1.7.0_45/bin/java
09561000-095d5000 rw-p 00000000 00:00 0          [heap]
8a28f000-8a400000 rw-p 00000000 00:00 0 
8a400000-8a4f8000 rw-p 00000000 00:00 0 
8a4f8000-8a500000 ---p 00000000 00:00 0 
8a500000-8a5f2000 rw-p 00000000 00:00 0 
8a5f2000-8a600000 ---p 00000000 00:00 0 
8a600000-8a6fe000 rw-p 00000000 00:00 0 
8a6fe000-8a700000 ---p 00000000 00:00 0 
8a700000-8a800000 rw-p 00000000 00:00 0 
8a800000-8a88a000 rw-p 00000000 00:00 0 
8a88a000-8a900000 ---p 00000000 00:00 0 
8a900000-8a9ef000 rw-p 00000000 00:00 0 
8a9ef000-8aa00000 ---p 00000000 00:00 0 
8aa00000-8aa96000 rw-p 00000000 00:00 0 
8aa96000-8ab00000 ---p 00000000 00:00 0 
8ab00000-8abfd000 rw-p 00000000 00:00 0 
8abfd000-8ac00000 ---p 00000000 00:00 0 
8ac00000-8ad00000 rw-p 00000000 00:00 0 
8ae00000-8af00000 rw-p 00000000 00:00 0 
8af00000-8affb000 rw-p 00000000 00:00 0 
8affb000-8b000000 ---p 00000000 00:00 0 
8b000000-8b091000 rw-p 00000000 00:00 0 
8b091000-8b100000 ---p 00000000 00:00 0 
8b100000-8b1fe000 rw-p 00000000 00:00 0 
8b1fe000-8b200000 ---p 00000000 00:00 0 
8b200000-8b2e7000 rw-p 00000000 00:00 0 
8b2e7000-8b300000 ---p 00000000 00:00 0 
8b300000-8b3ff000 rw-p 00000000 00:00 0 
8b3ff000-8b400000 ---p 00000000 00:00 0 
8b400000-8b4fe000 rw-p 00000000 00:00 0 
8b4fe000-8b500000 ---p 00000000 00:00 0 
8b500000-8b600000 rw-p 00000000 00:00 0 
8b600000-8b6ff000 rw-p 00000000 00:00 0 
8b6ff000-8b700000 ---p 00000000 00:00 0 
8b800000-8b8fc000 rw-p 00000000 00:00 0 
8b8fc000-8b900000 ---p 00000000 00:00 0 
8b900000-8ba00000 rw-p 00000000 00:00 0 
8ba00000-8bae8000 rw-p 00000000 00:00 0 
8bae8000-8bb00000 ---p 00000000 00:00 0 
8bb00000-8bbfd000 rw-p 00000000 00:00 0 
8bbfd000-8bc00000 ---p 00000000 00:00 0 
8bc00000-8bcf0000 rw-p 00000000 00:00 0 
8bcf0000-8bd00000 ---p 00000000 00:00 0 
8be00000-8befe000 rw-p 00000000 00:00 0 
8befe000-8bf00000 ---p 00000000 00:00 0 
8bfaf000-8bfb2000 ---p 00000000 00:00 0 
8bfb2000-8c000000 rw-p 00000000 00:00 0 
8c000000-8c0fc000 rw-p 00000000 00:00 0 
8c0fc000-8c100000 ---p 00000000 00:00 0 
8c11d000-8c11e000 rw-p 00000000 00:00 0 
8c11e000-8c120000 r--s 0000d000 07:00 392648     /home/yangjing/.gradle/caches/artifacts-26/filestore/commons-logging/commons-logging/1.1.1/jar/5043bfebc3db072ed80fbd362e7caf00e885d8ae/commons-logging-1.1.1.jar
8c120000-8c12e000 r--s 000a1000 07:00 392646     /home/yangjing/.gradle/caches/artifacts-26/filestore/org.mybatis/mybatis/3.2.3/jar/7eee8564f107ce26a89ab1563ae908d2ff88e32e/mybatis-3.2.3.jar
8c12e000-8c130000 r--s 00005000 07:00 392678     /home/yangjing/.gradle/caches/artifacts-26/filestore/org.slf4j/slf4j-api/1.6.0/jar/b353147a7d51fcfcd818d8aa6784839783db0915/slf4j-api-1.6.0.jar
8c130000-8c134000 r--s 00035000 07:00 392655     /home/yangjing/.gradle/caches/artifacts-26/filestore/org.codehaus.jackson/jackson-core-asl/1.9.11/jar/e32303ef8bd18a5c9272780d49b81c95e05ddf43/jackson-core-asl-1.9.11.jar
8c134000-8c13b000 r--s 00032000 07:00 392653     /home/yangjing/.gradle/caches/artifacts-26/filestore/org.springframework/spring-tx/3.0.7.RELEASE/jar/c340bf8606f6bf235bc1277d25315df1abe51c31/spring-tx-3.0.7.RELEASE.jar
8c13b000-8c145000 r--s 00055000 07:00 392654     /home/yangjing/.gradle/caches/artifacts-26/filestore/org.springframework/spring-jdbc/3.0.7.RELEASE/jar/c53d9bf4e6a6a6cf49c7d7630e612042364295a1/spring-jdbc-3.0.7.RELEASE.jar
8c145000-8c14d000 r--s 00049000 07:00 392651     /home/yangjing/.gradle/caches/artifacts-26/filestore/org.springframework/spring-aop/3.1.1.RELEASE/jar/3c86058cdaea30df35e4b951a615e09eb07da589/spring-aop-3.1.1.RELEASE.jar
8c14d000-8c152000 r--s 00027000 07:00 392650     /home/yangjing/.gradle/caches/artifacts-26/filestore/org.springframework/spring-expression/3.1.1.RELEASE/jar/1486d7787ec4ff8da8cbf8752d30e4c808412b3f/spring-expression-3.1.1.RELEASE.jar
8c152000-8c155000 r--s 00018000 07:00 392652     /home/yangjing/.gradle/caches/artifacts-26/filestore/org.springframework/spring-context-support/3.1.1.RELEASE/jar/fc5de9fead1e54054298d37b196f9cd64ced19bf/spring-context-support-3.1.1.RELEASE.jar
8c155000-8c156000 r--s 0000c000 07:00 392647     /home/yangjing/.gradle/caches/artifacts-26/filestore/org.springframework/spring-asm/3.1.1.RELEASE/jar/8717ad8947fcada5c55da89eb474bf053c30e57/spring-asm-3.1.1.RELEASE.jar
8c156000-8c160000 r--s 00064000 07:00 392649     /home/yangjing/.gradle/caches/artifacts-26/filestore/org.springframework/spring-core/3.1.1.RELEASE/jar/419e9233c8d55f64a0c524bb94c3ba87e51e7d95/spring-core-3.1.1.RELEASE.jar
8c160000-8c169000 r--s 0006d000 07:00 392677     /home/yangjing/.gradle/caches/artifacts-26/filestore/log4j/log4j/1.2.16/bundle/7999a63bfccbc7c247a9aea10d83d4272bd492c6/log4j-1.2.16.jar
8c169000-8c170000 r--s 0009f000 07:00 392676     /home/yangjing/.gradle/caches/artifacts-26/filestore/mysql/mysql-connector-java/5.1.5/jar/c8000ccd9e6b1d99beca369c715ec5151dabadfb/mysql-connector-java-5.1.5.jar
8c170000-8c171000 r--s 00002000 07:00 392675     /home/yangjing/.gradle/caches/artifacts-26/filestore/org.slf4j/slf4j-log4j12/1.6.0/jar/63810ca9ef9726b38d31b061670dafc951415671/slf4j-log4j12-1.6.0.jar
8c171000-8c173000 r--s 00004000 07:00 392674     /home/yangjing/.gradle/caches/artifacts-26/filestore/javax.servlet/jstl/1.1.2/jar/3375e43c620df4f1114959400ff9bb90d12a2feb/jstl-1.1.2.jar
8c173000-8c180000 r--s 0007f000 07:00 392673     /home/yangjing/.gradle/caches/artifacts-26/filestore/commons-collections/commons-collections/3.2/jar/f951934aa5ae5a88d7e6dfaa6d32307d834a88be/commons-collections-3.2.jar
8c180000-8c182000 r--s 0001c000 07:00 392672     /home/yangjing/.gradle/caches/artifacts-26/filestore/commons-dbcp/commons-dbcp/1.2.2/jar/4fd4c6110e9bca3a655b717eb2e5920febb8403d/commons-dbcp-1.2.2.jar
8c182000-8c184000 r--s 0000e000 07:00 392671     /home/yangjing/.gradle/caches/artifacts-26/filestore/commons-pool/commons-pool/1.3/jar/3231230c1d7631b66a74d1c4653cfd65a6f9ea0/commons-pool-1.3.jar
8c184000-8c186000 r--s 00018000 07:00 392645     /home/yangjing/.gradle/caches/artifacts-26/filestore/javax.servlet/servlet-api/2.5/jar/5959582d97d8b61f4d154ca9e495aafd16726e34/servlet-api-2.5.jar
8c186000-8c18c000 r--s 00048000 07:00 392644     /home/yangjing/.gradle/caches/artifacts-26/filestore/org.apache.commons/commons-lang3/3.1/jar/905075e6c80f206bbe6cf1e809d2caa69f420c76/commons-lang3-3.1.jar
8c18c000-8c19b000 r--s 000b0000 07:00 392643     /home/yangjing/.gradle/caches/artifacts-26/filestore/org.codehaus.jackson/jackson-mapper-asl/1.9.11/jar/45d70862fa016993193075a1e8e32a01dcf438e8/jackson-mapper-asl-1.9.11.jar
8c19b000-8c19d000 r--s 00000000 07:00 392642     /home/yangjing/.gradle/caches/artifacts-26/filestore/aopalliance/aopalliance/1.0/jar/235ba8b489512805ac13a8f9ea77a1ca5ebe3e8/aopalliance-1.0.jar
8c19d000-8c1a4000 r--s 00037000 07:00 392639     /home/yangjing/.gradle/caches/artifacts-26/filestore/org.springframework.security/spring-security-web/3.1.2.RELEASE/jar/e43e7683289f08c1e073564a94e6f26298ec4f59/spring-security-web-3.1.2.RELEASE.jar
8c1a4000-8c1af000 r--s 00049000 07:00 392637     /home/yangjing/.gradle/caches/artifacts-26/filestore/org.springframework.security/spring-security-core/3.1.2.RELEASE/jar/4d643e7507d950cb49c91df7266f60a28fd08ea4/spring-security-core-3.1.2.RELEASE.jar
8c1af000-8c1b2000 ---p 00000000 00:00 0 
8c1b2000-8c200000 rw-p 00000000 00:00 0 
8c200000-8c400000 rw-p 00000000 00:00 0 
8c400000-8c500000 rw-p 00000000 00:00 0 
8c500000-8c5cd000 rw-p 00000000 00:00 0 
8c5cd000-8c600000 ---p 00000000 00:00 0 
8c600000-8c6f5000 rw-p 00000000 00:00 0 
8c6f5000-8c700000 ---p 00000000 00:00 0 
8c700000-8c800000 rw-p 00000000 00:00 0 
8c800000-8c803000 r--s 00011000 07:00 392641     /home/yangjing/.gradle/caches/artifacts-26/filestore/org.springframework.security/spring-security-acl/3.1.2.RELEASE/jar/92e13449edeaf5e66cb2af05449654d2abf1bb3f/spring-security-acl-3.1.2.RELEASE.jar
8c803000-8c805000 r--s 00004000 07:00 392640     /home/yangjing/.gradle/caches/artifacts-26/filestore/org.springframework.security/spring-security-taglibs/3.1.2.RELEASE/jar/1d89ebcc34809ea973628e30c3d0fa8a7b4d9ed5/spring-security-taglibs-3.1.2.RELEASE.jar
8c805000-8c808000 r--s 0002f000 07:00 392638     /home/yangjing/.gradle/caches/artifacts-26/filestore/org.springframework.security/spring-security-config/3.1.2.RELEASE/jar/dd18c4dae2367e033fed301458ddbec932ce6366/spring-security-config-3.1.2.RELEASE.jar
8c808000-8c81d000 r--s 000b6000 07:00 392636     /home/yangjing/.gradle/caches/artifacts-26/filestore/org.springframework/spring-context/3.1.1.RELEASE/jar/ecb0784a0712c1bfbc1c2018eeef6776861300e4/spring-context-3.1.1.RELEASE.jar
8c81d000-8c828000 r--s 00085000 07:00 392635     /home/yangjing/.gradle/caches/artifacts-26/filestore/org.springframework/spring-beans/3.1.1.RELEASE/jar/83d0e5adc98714783f0fb7d8a5e97ef4cf08da49/spring-beans-3.1.1.RELEASE.jar
8c828000-8c834000 r--s 00081000 07:00 392634     /home/yangjing/.gradle/caches/artifacts-26/filestore/org.springframework/spring-webmvc/3.1.1.RELEASE/jar/6ae6968aa19f6d25cdcd38213046e11cc5189e84/spring-webmvc-3.1.1.RELEASE.jar
8c834000-8c840000 r--s 00079000 07:00 392633     /home/yangjing/.gradle/caches/artifacts-26/filestore/org.springframework/spring-web/3.1.1.RELEASE/jar/7b18bbab94119e8ae322e8599c067c4f4b3701f6/spring-web-3.1.1.RELEASE.jar
8c840000-8c843000 ---p 00000000 00:00 0 
8c843000-8c891000 rw-p 00000000 00:00 0 
8c891000-8c89b000 r--s 00250000 07:00 1060932    /usr/local/src/jdk1.7.0_45/jre/lib/resources.jar
8c89b000-8c89e000 ---p 00000000 00:00 0 
8c89e000-8c8ec000 rw-p 00000000 00:00 0 
8c8ec000-8c8ee000 r--s 00002000 07:00 537677     /usr/lib/gradle/1.8/lib/plugins/gradle-language-base-1.8.jar
8c8ee000-8c8f0000 r--s 00004000 07:00 537719     /usr/lib/gradle/1.8/lib/plugins/gradle-language-jvm-1.8.jar
8c8f0000-8c8f3000 r--s 00025000 07:00 537659     /usr/lib/gradle/1.8/lib/plugins/gradle-build-setup-1.8.jar
8c8f3000-8c8f6000 r--s 00020000 07:00 537715     /usr/lib/gradle/1.8/lib/plugins/gradle-jacoco-1.8.jar
8c8f6000-8c8f9000 r--s 0000d000 07:00 537648     /usr/lib/gradle/1.8/lib/plugins/gradle-ivy-1.8.jar
8c8f9000-8c900000 r--s 00094000 07:00 537680     /usr/lib/gradle/1.8/lib/plugins/gradle-build-comparison-1.8.jar
8c900000-8c9fc000 rw-p 00000000 00:00 0 
8c9fc000-8ca00000 ---p 00000000 00:00 0 
8ca00000-8cb00000 rw-p 00000000 00:00 0 
8cb00000-8cb01000 r--s 00002000 07:00 537732     /usr/lib/gradle/1.8/lib/plugins/gradle-publish-1.8.jar
8cb01000-8cb03000 r--s 00005000 07:00 537709     /usr/lib/gradle/1.8/lib/plugins/jatl-0.2.2.jar
8cb03000-8cb05000 r--s 00007000 07:00 537721     /usr/lib/gradle/1.8/lib/plugins/gradle-reporting-1.8.jar
8cb05000-8cb0c000 r--s 00035000 07:00 537726     /usr/lib/gradle/1.8/lib/plugins/simple-4.1.21.jar
8cb0c000-8cb11000 r--s 0002a000 07:00 537704     /usr/lib/gradle/1.8/lib/plugins/gson-2.2.1.jar
8cb11000-8cb1d000 r--s 00100000 07:00 537703     /usr/lib/gradle/1.8/lib/plugins/rhino-1.7R3.jar
8cb1d000-8cb22000 r--s 00021000 07:00 537649     /usr/lib/gradle/1.8/lib/plugins/gradle-javascript-1.8.jar
8cb22000-8cb24000 r--s 0000e000 07:00 537675     /usr/lib/gradle/1.8/lib/plugins/gradle-ear-1.8.jar
8cb24000-8cb2e000 r--s 00066000 07:00 537684     /usr/lib/gradle/1.8/lib/plugins/gradle-cpp-1.8.jar
8cb2e000-8cb56000 r--s 00194000 07:00 537706     /usr/lib/gradle/1.8/lib/plugins/bcprov-jdk15-1.46.jar
8cb56000-8cb59000 ---p 00000000 00:00 0 
8cb59000-8cb6f000 rw-p 00000000 00:00 0 
8cb6f000-8cb70000 r--p 00000000 00:00 0 
8cb70000-8cb88000 r--s 00115000 07:00 537670     /usr/lib/gradle/1.8/lib/plugins/xercesImpl-2.9.1.jar
8cb88000-8cb90000 r--s 00028000 07:00 537711     /usr/lib/gradle/1.8/lib/plugins/xml-apis-1.3.04.jar
8cb90000-8cb96000 r--s 0005b000 07:00 537722     /usr/lib/gradle/1.8/lib/plugins/jcifs-1.3.17.jar
8cb96000-8cb9c000 r--s 00031000 07:00 537653     /usr/lib/gradle/1.8/lib/plugins/httpcore-4.2.2.jar
8cb9c000-8cba2000 r--s 00033000 07:00 537652     /usr/lib/gradle/1.8/lib/plugins/commons-codec-1.6.jar
8cba2000-8cba6000 r--s 0001d000 07:00 537655     /usr/lib/gradle/1.8/lib/plugins/xbean-reflect-3.4.jar
8cba6000-8cba9000 r--s 0001c000 07:00 537695     /usr/lib/gradle/1.8/lib/plugins/nekohtml-1.9.14.jar
8cba9000-8cbc2000 r--s 00129000 07:00 537716     /usr/lib/gradle/1.8/lib/plugins/maven-ant-tasks-2.1.3.jar
8cbc2000-8cbcb000 r--s 00060000 07:00 537662     /usr/lib/gradle/1.8/lib/plugins/httpclient-4.2.2.jar
8cbcb000-8cbcf000 r--s 0001e000 07:00 537686     /usr/lib/gradle/1.8/lib/plugins/jarjar-aether-impl-1.13.1.jar
8cbcf000-8cbd2000 r--s 00027000 07:00 537730     /usr/lib/gradle/1.8/lib/plugins/jarjar-maven-model-3.0.4.jar
8cbd2000-8cbd5000 r--s 0000b000 07:00 537708     /usr/lib/gradle/1.8/lib/plugins/jarjar-maven-artifact-3.0.4.jar
8cbd5000-8cbd9000 r--s 0001e000 07:00 537699     /usr/lib/gradle/1.8/lib/plugins/jarjar-aether-util-1.13.1.jar
8cbd9000-8cbe6000 r--s 00083000 07:00 537685     /usr/lib/gradle/1.8/lib/plugins/jarjar-maven-core-3.0.4.jar
8cbe6000-8cbe8000 r--s 00003000 07:00 537717     /usr/lib/gradle/1.8/lib/plugins/jarjar-aether-spi-1.13.1.jar
8cbe8000-8cbea000 r--s 00009000 07:00 537679     /usr/lib/gradle/1.8/lib/plugins/jarjar-maven-settings-builder-3.0.4.jar
8cbea000-8cbee000 r--s 00014000 07:00 537671     /usr/lib/gradle/1.8/lib/plugins/jarjar-aether-api-1.13.1.jar
8cbee000-8cbf5000 r--s 00042000 07:00 537707     /usr/lib/gradle/1.8/lib/plugins/jarjar-maven-compat-3.0.4.jar
8cbf5000-8cbf7000 r--s 00000000 07:00 537656     /usr/lib/gradle/1.8/lib/plugins/jarjar-plexus-component-annotations-1.5.5.jar
8cbf7000-8cbf9000 r--s 00006000 07:00 537701     /usr/lib/gradle/1.8/lib/plugins/jarjar-plexus-sec-dispatcher-1.3.jar
8cbf9000-8cbfe000 r--s 00022000 07:00 537697     /usr/lib/gradle/1.8/lib/plugins/jarjar-maven-model-builder-3.0.4.jar
8cbfe000-8cc00000 r--s 0000b000 07:00 537672     /usr/lib/gradle/1.8/lib/plugins/jarjar-maven-plugin-api-3.0.4.jar
8cc00000-8ccfe000 rw-p 00000000 00:00 0 
8ccfe000-8cd00000 ---p 00000000 00:00 0 
8cd00000-8cd01000 rw-p 00000000 00:00 0 
8cd01000-8cd04000 r--s 0001a000 07:00 537681     /usr/lib/gradle/1.8/lib/plugins/gradle-diagnostics-1.8.jar
8cd04000-8cd08000 r--s 00025000 07:00 537683     /usr/lib/gradle/1.8/lib/plugins/bcpg-jdk15-1.46.jar
8cd08000-8cd0b000 r--s 00021000 07:00 537651     /usr/lib/gradle/1.8/lib/plugins/gradle-signing-1.8.jar
8cd0b000-8cd0c000 r--s 00002000 07:00 537674     /usr/lib/gradle/1.8/lib/plugins/sonar-batch-bootstrapper-2.9.jar
8cd0c000-8cd0f000 r--s 00022000 07:00 537698     /usr/lib/gradle/1.8/lib/plugins/gradle-sonar-1.8.jar
8cd0f000-8cd1d000 r--s 000d9000 07:00 537647     /usr/lib/gradle/1.8/lib/plugins/gradle-ide-1.8.jar
8cd1d000-8cd22000 r--s 0001e000 07:00 537665     /usr/lib/gradle/1.8/lib/plugins/gradle-maven-1.8.jar
8cd22000-8cd3a000 r--s 0013b000 07:00 537666     /usr/lib/gradle/1.8/lib/plugins/bndlib-2.1.0.jar
8cd3a000-8cd3b000 r--s 00005000 07:00 537673     /usr/lib/gradle/1.8/lib/plugins/gradle-osgi-1.8.jar
8cd3b000-8cd40000 r--s 00068000 07:00 537700     /usr/lib/gradle/1.8/lib/plugins/antlr-2.7.7.jar
8cd40000-8cd41000 r--s 00002000 07:00 537667     /usr/lib/gradle/1.8/lib/plugins/ant-antlr-1.9.2.jar
8cd41000-8cd43000 r--s 00004000 07:00 537660     /usr/lib/gradle/1.8/lib/plugins/gradle-antlr-1.8.jar
8cd43000-8cd46000 r--s 0001e000 07:00 537705     /usr/lib/gradle/1.8/lib/plugins/jsp-api-2.1-6.1.14.jar
8cd46000-8cd69000 r--s 00344000 07:00 537663     /usr/lib/gradle/1.8/lib/plugins/core-3.1.1.jar
8cd69000-8cd6a000 r--s 00006000 07:00 537676     /usr/lib/gradle/1.8/lib/plugins/jetty-naming-6.1.25.jar
8cd6a000-8cd6b000 r--s 00002000 07:00 537724     /usr/lib/gradle/1.8/lib/plugins/geronimo-annotation_1.0_spec-1.0.jar
8cd6b000-8cd6d000 r--s 00002000 07:00 537710     /usr/lib/gradle/1.8/lib/plugins/jetty-annotations-6.1.25.jar
8cd6d000-8cd7e000 r--s 000ea000 07:00 537657     /usr/lib/gradle/1.8/lib/plugins/jsp-2.1-6.1.14.jar
8cd7e000-8cd80000 r--s 0000d000 07:00 537693     /usr/lib/gradle/1.8/lib/plugins/jetty-plus-6.1.25.jar
8cd80000-8cd82000 r--s 0001f000 07:00 537694     /usr/lib/gradle/1.8/lib/plugins/servlet-api-2.5-20081211.jar
8cd82000-8cd86000 r--s 00028000 07:00 537725     /usr/lib/gradle/1.8/lib/plugins/jetty-util-6.1.25.jar
8cd86000-8cd8d000 r--s 0007d000 07:00 537702     /usr/lib/gradle/1.8/lib/plugins/jetty-6.1.25.jar
8cd8d000-8cd8f000 r--s 00009000 07:00 537650     /usr/lib/gradle/1.8/lib/plugins/gradle-jetty-1.8.jar
8cd8f000-8cd95000 r--s 0004b000 07:00 537661     /usr/lib/gradle/1.8/lib/plugins/gradle-code-quality-1.8.jar
8cd95000-8ce00000 r--s 00e19000 07:00 809419     /usr/local/src/jdk1.7.0_45/lib/tools.jar
8ce00000-8cef7000 rw-p 00000000 00:00 0 
8cef7000-8cf00000 ---p 00000000 00:00 0 
8cf00000-8cfd1000 rw-p 00000000 00:00 0 
8cfd1000-8d000000 ---p 00000000 00:00 0 
8d000000-8d0fc000 rw-p 00000000 00:00 0 
8d0fc000-8d100000 ---p 00000000 00:00 0 
8d100000-8d1ff000 rw-p 00000000 00:00 0 
8d1ff000-8d200000 ---p 00000000 00:00 0 
8d200000-8d203000 r--s 0001c000 07:00 537718     /usr/lib/gradle/1.8/lib/plugins/gradle-scala-1.8.jar
8d203000-8d205000 r--s 00009000 07:00 537713     /usr/lib/gradle/1.8/lib/plugins/hamcrest-core-1.3.jar
8d205000-8d20b000 r--s 00033000 07:00 537668     /usr/lib/gradle/1.8/lib/plugins/snakeyaml-1.6.jar
8d20b000-8d20d000 r--s 00006000 07:00 537682     /usr/lib/gradle/1.8/lib/plugins/jcommander-1.12.jar
8d20d000-8d212000 r--s 00040000 07:00 537696     /usr/lib/gradle/1.8/lib/plugins/bsh-2.0b4.jar
8d212000-8d21b000 r--s 00089000 07:00 537689     /usr/lib/gradle/1.8/lib/plugins/testng-6.3.1.jar
8d21b000-8d2f3000 r-xp 00000000 07:00 528344     /usr/lib/i386-linux-gnu/libstdc++.so.6.0.16
8d2f3000-8d2f4000 ---p 000d8000 07:00 528344     /usr/lib/i386-linux-gnu/libstdc++.so.6.0.16
8d2f4000-8d2f8000 r--p 000d8000 07:00 528344     /usr/lib/i386-linux-gnu/libstdc++.so.6.0.16
8d2f8000-8d2f9000 rw-p 000dc000 07:00 528344     /usr/lib/i386-linux-gnu/libstdc++.so.6.0.16
8d2f9000-8d300000 rw-p 00000000 00:00 0 
8d300000-8d3fb000 rw-p 00000000 00:00 0 
8d3fb000-8d400000 ---p 00000000 00:00 0 
8d400000-8d401000 r--s 00007000 07:00 537688     /usr/lib/gradle/1.8/lib/plugins/sonar-runner-2.0.jar
8d401000-8d403000 r--s 0000f000 07:00 537664     /usr/lib/gradle/1.8/lib/plugins/gradle-announce-1.8.jar
8d403000-8d409000 r--s 00036000 07:00 537727     /usr/lib/gradle/1.8/lib/plugins/junit-4.11.jar
8d409000-8d418000 r--s 000a3000 07:00 537729     /usr/lib/gradle/1.8/lib/plugins/gradle-plugins-1.8.jar
8d418000-8d41b000 r--s 0000a000 07:00 537714     /usr/lib/gradle/1.8/lib/plugins/jarjar-plexus-classworlds-2.4.jar
8d41b000-8d41f000 r--s 00035000 07:00 537731     /usr/lib/gradle/1.8/lib/plugins/jarjar-plexus-utils-2.0.6.jar
8d41f000-8d421000 r--s 0000e000 07:00 537690     /usr/lib/gradle/1.8/lib/plugins/jarjar-plexus-interpolation-1.14.jar
8d421000-8d423000 r--s 00002000 07:00 537658     /usr/lib/gradle/1.8/lib/plugins/jarjar-plexus-cipher-1.7.jar
8d423000-8d425000 r--s 0000c000 07:00 537687     /usr/lib/gradle/1.8/lib/plugins/jarjar-wagon-provider-api-2.2.jar
8d425000-8d427000 r--s 0000d000 07:00 537720     /usr/lib/gradle/1.8/lib/plugins/jarjar-maven-aether-provider-3.0.4.jar
8d427000-8d42f000 r--s 00031000 07:00 537669     /usr/lib/gradle/1.8/lib/plugins/jarjar-plexus-container-default-1.5.5.jar
8d42f000-8d430000 r--s 00007000 07:00 537691     /usr/lib/gradle/1.8/lib/plugins/jarjar-maven-repository-metadata-3.0.4.jar
8d430000-8d431000 r--s 0000b000 07:00 537712     /usr/lib/gradle/1.8/lib/plugins/jarjar-maven-settings-3.0.4.jar
8d431000-8d445000 r--s 00099000 07:00 537728     /usr/lib/gradle/1.8/lib/plugins/gradle-core-impl-1.8.jar
8d445000-8d461000 r-xp 00000000 07:00 1309184    /lib/i386-linux-gnu/libtinfo.so.5.9
8d461000-8d463000 r--p 0001b000 07:00 1309184    /lib/i386-linux-gnu/libtinfo.so.5.9
8d463000-8d464000 rw-p 0001d000 07:00 1309184    /lib/i386-linux-gnu/libtinfo.so.5.9
8d464000-8d484000 r-xp 00000000 07:00 1309125    /lib/i386-linux-gnu/libncurses.so.5.9
8d484000-8d485000 r--p 0001f000 07:00 1309125    /lib/i386-linux-gnu/libncurses.so.5.9
8d485000-8d486000 rw-p 00020000 07:00 1309125    /lib/i386-linux-gnu/libncurses.so.5.9
8d486000-8d4a2000 r-xp 00000000 07:00 1309108    /lib/i386-linux-gnu/libgcc_s.so.1
8d4a2000-8d4a3000 r--p 0001b000 07:00 1309108    /lib/i386-linux-gnu/libgcc_s.so.1
8d4a3000-8d4a4000 rw-p 0001c000 07:00 1309108    /lib/i386-linux-gnu/libgcc_s.so.1
8d4a4000-8d500000 r--s 00586000 07:00 537641     /usr/lib/gradle/1.8/lib/groovy-all-1.8.6.jar
8d500000-8d600000 rw-p 00000000 00:00 0 
8d600000-8d603000 r--s 0000c000 07:00 537723     /usr/lib/gradle/1.8/lib/plugins/pmaven-groovy-0.8-20100325.jar
8d603000-8d60a000 r-xp 00000000 07:00 1061015    /usr/local/src/jdk1.7.0_45/jre/lib/i386/libmanagement.so
8d60a000-8d60b000 rw-p 00006000 07:00 1061015    /usr/local/src/jdk1.7.0_45/jre/lib/i386/libmanagement.so
8d60b000-8d61e000 r-xp 00000000 07:00 1194353    /home/yangjing/.gradle/native/jna/linux-i386/libjnidispatch.so
8d61e000-8d61f000 rw-p 00013000 07:00 1194353    /home/yangjing/.gradle/native/jna/linux-i386/libjnidispatch.so
8d61f000-8d622000 r-xp 00000000 07:00 1194350    /home/yangjing/.gradle/native/15/libnative-platform-linux-i386.so
8d622000-8d623000 rw-p 00003000 07:00 1194350    /home/yangjing/.gradle/native/15/libnative-platform-linux-i386.so
8d623000-8d638000 r-xp 00000000 07:00 1061011    /usr/local/src/jdk1.7.0_45/jre/lib/i386/libnet.so
8d638000-8d639000 rw-p 00014000 07:00 1061011    /usr/local/src/jdk1.7.0_45/jre/lib/i386/libnet.so
8d639000-8d647000 r-xp 00000000 07:00 1060990    /usr/local/src/jdk1.7.0_45/jre/lib/i386/libnio.so
8d647000-8d648000 rw-p 0000e000 07:00 1060990    /usr/local/src/jdk1.7.0_45/jre/lib/i386/libnio.so
8d648000-8d649000 ---p 00000000 00:00 0 
8d649000-8d6c9000 rw-p 00000000 00:00 0 
8d6c9000-8d6cc000 ---p 00000000 00:00 0 
8d6cc000-8d71a000 rw-p 00000000 00:00 0 
8d71a000-8d71d000 ---p 00000000 00:00 0 
8d71d000-8d79b000 rw-p 00000000 00:00 0 
8d79b000-8d900000 r--p 001c8000 07:00 531601     /usr/lib/locale/locale-archive
8d900000-8db00000 r--p 00000000 07:00 531601     /usr/lib/locale/locale-archive
8db00000-8db21000 rw-p 00000000 00:00 0 
8db21000-8dc00000 ---p 00000000 00:00 0 
8dc00000-8dc02000 r--s 00000000 07:00 537678     /usr/lib/gradle/1.8/lib/plugins/plexus-component-annotations-1.5.2.jar
8dc02000-8dc03000 r--s 00004000 07:00 537692     /usr/lib/gradle/1.8/lib/plugins/pmaven-common-0.8-20100325.jar
8dc03000-8dc07000 r--s 0008a000 07:00 1060903    /usr/local/src/jdk1.7.0_45/jre/lib/jsse.jar
8dc07000-8dc0a000 r-xp 00000000 07:00 1194355    /home/yangjing/.gradle/native/15/libnative-platform-curses-linux-i386.so
8dc0a000-8dc0b000 rw-p 00002000 07:00 1194355    /home/yangjing/.gradle/native/15/libnative-platform-curses-linux-i386.so
8dc0b000-8dc12000 r--s 00000000 07:00 528730     /usr/lib/i386-linux-gnu/gconv/gconv-modules.cache
8dc12000-8dc27000 r--p 00000000 07:00 798690     /usr/share/locale-langpack/zh_CN/LC_MESSAGES/libc.mo
8dc27000-8dc2e000 r--s 00022000 07:00 537737     /usr/lib/gradle/1.8/lib/gradle-tooling-api-1.8.jar
8dc2e000-8dc31000 ---p 00000000 00:00 0 
8dc31000-8dcaf000 rw-p 00000000 00:00 0 
8dcaf000-8dcb2000 ---p 00000000 00:00 0 
8dcb2000-8dd00000 rw-p 00000000 00:00 0 
8dd00000-8ddff000 rw-p 00000000 00:00 0 
8ddff000-8de00000 ---p 00000000 00:00 0 
8de00000-8de02000 r--s 00009000 07:00 537654     /usr/lib/gradle/1.8/lib/plugins/commons-cli-1.2.jar
8de02000-8de04000 r--s 00005000 07:00 537775     /usr/lib/gradle/1.8/lib/gradle-open-api-1.8.jar
8de04000-8de0a000 r--s 00032000 07:00 537763     /usr/lib/gradle/1.8/lib/jaxen-1.1.jar
8de0a000-8de0f000 r--s 00048000 07:00 537750     /usr/lib/gradle/1.8/lib/dom4j-1.6.1.jar
8de0f000-8de1a000 r--s 0005b000 07:00 537740     /usr/lib/gradle/1.8/lib/gradle-ui-1.8.jar
8de1a000-8de1c000 r--s 00007000 07:00 537762     /usr/lib/gradle/1.8/lib/objenesis-1.2.jar
8de1c000-8de1e000 r--s 00000000 07:00 537747     /usr/lib/gradle/1.8/lib/minlog-1.2.jar
8de1e000-8de20000 r--s 0000f000 07:00 537752     /usr/lib/gradle/1.8/lib/reflectasm-1.07-shaded.jar
8de20000-8de22000 r--s 0000a000 07:00 537644     /usr/lib/gradle/1.8/lib/asm-4.0.jar
8de22000-8de26000 r--s 00026000 07:00 537734     /usr/lib/gradle/1.8/lib/kryo-2.20.jar
8de26000-8de2e000 r--s 00035000 07:00 537757     /usr/lib/gradle/1.8/lib/gradle-messaging-1.8.jar
8de2e000-8de31000 ---p 00000000 00:00 0 
8de31000-8de7f000 rw-p 00000000 00:00 0 
8de7f000-8de80000 ---p 00000000 00:00 0 
8de80000-8df00000 rw-p 00000000 00:00 0 
8df00000-8dffb000 rw-p 00000000 00:00 0 
8dffb000-8e000000 ---p 00000000 00:00 0 
8e000000-8e001000 r--s 00004000 07:00 537768     /usr/lib/gradle/1.8/lib/native-platform-windows-i386-0.3-rc-2.jar
8e001000-8e002000 r--s 00006000 07:00 537755     /usr/lib/gradle/1.8/lib/native-platform-windows-amd64-0.3-rc-2.jar
8e002000-8e003000 r--s 00003000 07:00 537748     /usr/lib/gradle/1.8/lib/native-platform-linux-i386-0.3-rc-2.jar
8e003000-8e004000 r--s 00003000 07:00 537766     /usr/lib/gradle/1.8/lib/native-platform-linux-amd64-0.3-rc-2.jar
8e004000-8e005000 r--s 00004000 07:00 537770     /usr/lib/gradle/1.8/lib/native-platform-osx-universal-0.3-rc-2.jar
8e005000-8e007000 r--s 00008000 07:00 537739     /usr/lib/gradle/1.8/lib/jansi-1.2.1.jar
8e007000-8e00a000 r--s 00013000 07:00 537745     /usr/lib/gradle/1.8/lib/jna-posix-1.0.3.jar
8e00a000-8e00c000 r--s 0000b000 07:00 537754     /usr/lib/gradle/1.8/lib/native-platform-0.3-rc-2.jar
8e00c000-8e010000 r--s 000e4000 07:00 537749     /usr/lib/gradle/1.8/lib/jna-3.2.7.jar
8e010000-8e013000 r--s 00009000 07:00 537764     /usr/lib/gradle/1.8/lib/gradle-native-1.8.jar
8e013000-8e05e000 rw-p 00000000 00:00 0 
8e05e000-8e21a000 r--s 039b2000 07:00 1060893    /usr/local/src/jdk1.7.0_45/jre/lib/rt.jar
8e21a000-8f600000 rw-p 00000000 00:00 0 
8f600000-8f6fc000 rw-p 00000000 00:00 0 
8f6fc000-8f700000 ---p 00000000 00:00 0 
8f700000-8f701000 r--s 00005000 07:00 537643     /usr/lib/gradle/1.8/lib/gradle-wrapper-1.8.jar
8f701000-8f703000 r--s 00005000 07:00 537765     /usr/lib/gradle/1.8/lib/gradle-cli-1.8.jar
8f703000-8f704000 r--s 00000000 07:00 537736     /usr/lib/gradle/1.8/lib/gradle-resources-1.8.jar
8f704000-8f706000 r--s 00000000 07:00 537645     /usr/lib/gradle/1.8/lib/gradle-base-services-groovy-1.8.jar
8f706000-8f70a000 r--s 00034000 07:00 537741     /usr/lib/gradle/1.8/lib/jsch-0.1.46.jar
8f70a000-8f70c000 r--s 00003000 07:00 537773     /usr/lib/gradle/1.8/lib/jcl-over-slf4j-1.7.2.jar
8f70c000-8f711000 r--s 00039000 07:00 537769     /usr/lib/gradle/1.8/lib/logback-classic-1.0.9.jar
8f711000-8f71a000 r--s 00051000 07:00 537753     /usr/lib/gradle/1.8/lib/logback-core-1.0.9.jar
8f71a000-8f729000 r--s 000d9000 07:00 537772     /usr/lib/gradle/1.8/lib/ivy-2.2.0.jar
8f729000-8f72e000 r--s 00041000 07:00 537735     /usr/lib/gradle/1.8/lib/commons-lang-2.6.jar
8f72e000-8f731000 ---p 00000000 00:00 0 
8f731000-8f77f000 rw-p 00000000 00:00 0 
8f77f000-8f780000 ---p 00000000 00:00 0 
8f780000-8f800000 rw-p 00000000 00:00 0 
8f800000-8f821000 rw-p 00000000 00:00 0 
8f821000-8f900000 ---p 00000000 00:00 0 
8f900000-8f921000 rw-p 00000000 00:00 0 
8f921000-8fa00000 ---p 00000000 00:00 0 
8fa00000-8fa03000 r--s 0001b000 07:00 537760     /usr/lib/gradle/1.8/lib/jarjar-1.3.jar
8fa03000-8fa24000 r--s 00172000 07:00 537642     /usr/lib/gradle/1.8/lib/guava-11.0.2.jar
8fa24000-8fa7f000 rw-p 00000000 00:00 0 
8fa7f000-8fa80000 ---p 00000000 00:00 0 
8fa80000-8fb00000 rw-p 00000000 00:00 0 
8fb00000-8fb21000 rw-p 00000000 00:00 0 
8fb21000-8fc00000 ---p 00000000 00:00 0 
8fc00000-8fc0e000 r--s 0007f000 07:00 537746     /usr/lib/gradle/1.8/lib/commons-collections-3.2.1.jar
8fc0e000-8fc3a000 r--s 00176000 07:00 537767     /usr/lib/gradle/1.8/lib/gradle-core-1.8.jar
8fc3a000-8fc3b000 ---p 00000000 00:00 0 
8fc3b000-8fcbb000 rw-p 00000000 00:00 0 
8fcbb000-8fcbc000 ---p 00000000 00:00 0 
8fcbc000-8fd4f000 rw-p 00000000 00:00 0 
8fd4f000-8fde4000 rw-p 00000000 00:00 0 
8fde4000-8fdf2000 rw-p 00000000 00:00 0 
8fdf2000-8fe04000 rw-p 00000000 00:00 0 
8fe04000-8fe17000 rw-p 00000000 00:00 0 
8fe17000-8feab000 rw-p 00000000 00:00 0 
8feab000-8feff000 rw-p 00000000 00:00 0 
8feff000-91b00000 rw-p 00000000 00:00 0 
91b00000-93f00000 rw-p 00000000 00:00 0 
93f00000-96480000 rw-p 00000000 00:00 0 
96480000-a8d80000 rw-p 00000000 00:00 0 
a8d80000-b3500000 rw-p 00000000 00:00 0 
b3500000-b3502000 r--s 00004000 07:00 537774     /usr/lib/gradle/1.8/lib/log4j-over-slf4j-1.7.2.jar
b3502000-b3505000 r--s 00018000 07:00 537738     /usr/lib/gradle/1.8/lib/commons-io-1.4.jar
b3505000-b3509000 r--s 00030000 07:00 537744     /usr/lib/gradle/1.8/lib/asm-all-4.0.jar
b3509000-b3527000 r--s 001cb000 07:00 537758     /usr/lib/gradle/1.8/lib/ant-1.9.2.jar
b3527000-b3533000 rw-p 00000000 00:00 0 
b3533000-b35e7000 rw-p 00000000 00:00 0 
b35e7000-b38b7000 rwxp 00000000 00:00 0 
b38b7000-b65e7000 rw-p 00000000 00:00 0 
b65e7000-b65ee000 r-xp 00000000 07:00 1309134    /lib/i386-linux-gnu/libnss_compat-2.15.so
b65ee000-b65ef000 r--p 00006000 07:00 1309134    /lib/i386-linux-gnu/libnss_compat-2.15.so
b65ef000-b65f0000 rw-p 00007000 07:00 1309134    /lib/i386-linux-gnu/libnss_compat-2.15.so
b65f0000-b65f1000 r--s 00000000 07:00 537733     /usr/lib/gradle/1.8/lib/gradle-docs-1.8.jar
b65f1000-b65f2000 r--s 00000000 07:00 537742     /usr/lib/gradle/1.8/lib/javax.inject-1.jar
b65f2000-b6600000 rw-p 00000000 00:00 0 
b6600000-b66f5000 rw-p 00000000 00:00 0 
b66f5000-b6700000 ---p 00000000 00:00 0 
b6700000-b6701000 r--s 00001000 07:00 537771     /usr/lib/gradle/1.8/lib/jul-to-slf4j-1.7.2.jar
b6701000-b6703000 r--s 00005000 07:00 537759     /usr/lib/gradle/1.8/lib/slf4j-api-1.7.2.jar
b6703000-b6707000 r--s 000f7000 07:00 1061029    /usr/local/src/jdk1.7.0_45/jre/lib/ext/localedata.jar
b6707000-b670c000 r--s 0001f000 07:00 537751     /usr/lib/gradle/1.8/lib/gradle-base-services-1.8.jar
b670c000-b671a000 rw-p 00000000 00:00 0 
b671a000-b672c000 rw-p 00000000 00:00 0 
b672c000-b6743000 r-xp 00000000 07:00 1061004    /usr/local/src/jdk1.7.0_45/jre/lib/i386/libzip.so
b6743000-b6744000 rw-p 00017000 07:00 1061004    /usr/local/src/jdk1.7.0_45/jre/lib/i386/libzip.so
b6744000-b674f000 r-xp 00000000 07:00 1309138    /lib/i386-linux-gnu/libnss_files-2.15.so
b674f000-b6750000 r--p 0000a000 07:00 1309138    /lib/i386-linux-gnu/libnss_files-2.15.so
b6750000-b6751000 rw-p 0000b000 07:00 1309138    /lib/i386-linux-gnu/libnss_files-2.15.so
b6751000-b675b000 r-xp 00000000 07:00 1309142    /lib/i386-linux-gnu/libnss_nis-2.15.so
b675b000-b675c000 r--p 00009000 07:00 1309142    /lib/i386-linux-gnu/libnss_nis-2.15.so
b675c000-b675d000 rw-p 0000a000 07:00 1309142    /lib/i386-linux-gnu/libnss_nis-2.15.so
b675d000-b6765000 r--s 00035000 07:00 537756     /usr/lib/gradle/1.8/lib/gradle-launcher-1.8.jar
b6765000-b676d000 rw-s 00000000 07:00 392576     /tmp/hsperfdata_yangjing/3680
b676d000-b6783000 r-xp 00000000 07:00 1309132    /lib/i386-linux-gnu/libnsl-2.15.so
b6783000-b6784000 r--p 00015000 07:00 1309132    /lib/i386-linux-gnu/libnsl-2.15.so
b6784000-b6785000 rw-p 00016000 07:00 1309132    /lib/i386-linux-gnu/libnsl-2.15.so
b6785000-b6787000 rw-p 00000000 00:00 0 
b6787000-b67aa000 r-xp 00000000 07:00 1060980    /usr/local/src/jdk1.7.0_45/jre/lib/i386/libjava.so
b67aa000-b67ab000 rw-p 00022000 07:00 1060980    /usr/local/src/jdk1.7.0_45/jre/lib/i386/libjava.so
b67ab000-b67b2000 r-xp 00000000 07:00 1309173    /lib/i386-linux-gnu/librt-2.15.so
b67b2000-b67b3000 r--p 00006000 07:00 1309173    /lib/i386-linux-gnu/librt-2.15.so
b67b3000-b67b4000 rw-p 00007000 07:00 1309173    /lib/i386-linux-gnu/librt-2.15.so
b67b4000-b67b7000 ---p 00000000 00:00 0 
b67b7000-b6805000 rw-p 00000000 00:00 0 
b6805000-b682f000 r-xp 00000000 07:00 1309119    /lib/i386-linux-gnu/libm-2.15.so
b682f000-b6830000 r--p 00029000 07:00 1309119    /lib/i386-linux-gnu/libm-2.15.so
b6830000-b6831000 rw-p 0002a000 07:00 1309119    /lib/i386-linux-gnu/libm-2.15.so
b6831000-b70a8000 r-xp 00000000 07:00 1193769    /usr/local/src/jdk1.7.0_45/jre/lib/i386/server/libjvm.so
b70a8000-b710d000 rw-p 00876000 07:00 1193769    /usr/local/src/jdk1.7.0_45/jre/lib/i386/server/libjvm.so
b710d000-b7530000 rw-p 00000000 00:00 0 
b7530000-b76cf000 r-xp 00000000 07:00 1309087    /lib/i386-linux-gnu/libc-2.15.so
b76cf000-b76d1000 r--p 0019f000 07:00 1309087    /lib/i386-linux-gnu/libc-2.15.so
b76d1000-b76d2000 rw-p 001a1000 07:00 1309087    /lib/i386-linux-gnu/libc-2.15.so
b76d2000-b76d5000 rw-p 00000000 00:00 0 
b76d5000-b76d8000 r-xp 00000000 07:00 1309100    /lib/i386-linux-gnu/libdl-2.15.so
b76d8000-b76d9000 r--p 00002000 07:00 1309100    /lib/i386-linux-gnu/libdl-2.15.so
b76d9000-b76da000 rw-p 00003000 07:00 1309100    /lib/i386-linux-gnu/libdl-2.15.so
b76da000-b76db000 rw-p 00000000 00:00 0 
b76db000-b76ee000 r-xp 00000000 07:00 809646     /usr/local/src/jdk1.7.0_45/lib/i386/jli/libjli.so
b76ee000-b76ef000 rw-p 00012000 07:00 809646     /usr/local/src/jdk1.7.0_45/lib/i386/jli/libjli.so
b76ef000-b7706000 r-xp 00000000 07:00 1309167    /lib/i386-linux-gnu/libpthread-2.15.so
b7706000-b7707000 r--p 00016000 07:00 1309167    /lib/i386-linux-gnu/libpthread-2.15.so
b7707000-b7708000 rw-p 00017000 07:00 1309167    /lib/i386-linux-gnu/libpthread-2.15.so
b7708000-b770a000 rw-p 00000000 00:00 0 
b770a000-b770b000 r--s 00000000 07:00 537761     /usr/lib/gradle/1.8/lib/jcip-annotations-1.0.jar
b770b000-b770c000 r--s 00004000 07:00 537743     /usr/lib/gradle/1.8/lib/ant-launcher-1.9.2.jar
b770c000-b770d000 rw-p 00000000 00:00 0 
b770d000-b770e000 r--p 00000000 00:00 0 
b770e000-b7719000 r-xp 00000000 07:00 1061020    /usr/local/src/jdk1.7.0_45/jre/lib/i386/libverify.so
b7719000-b771a000 rw-p 0000b000 07:00 1061020    /usr/local/src/jdk1.7.0_45/jre/lib/i386/libverify.so
b771a000-b771c000 rw-p 00000000 00:00 0 
b771c000-b771d000 r-xp 00000000 00:00 0          [vdso]
b771d000-b773d000 r-xp 00000000 07:00 1309067    /lib/i386-linux-gnu/ld-2.15.so
b773d000-b773e000 r--p 0001f000 07:00 1309067    /lib/i386-linux-gnu/ld-2.15.so
b773e000-b773f000 rw-p 00020000 07:00 1309067    /lib/i386-linux-gnu/ld-2.15.so
bfcaa000-bfccb000 rw-p 00000000 00:00 0          [stack]

VM Arguments:
jvm_args: -Dorg.gradle.appname=gradle 
java_command: org.gradle.launcher.GradleMain jettyrun
Launcher Type: SUN_STANDARD

Environment Variables:
JAVA_HOME=/usr/local/src/jdk1.7.0_45
JRE_HOME=/usr/local/src/jdk1.7.0_45/jre
CLASSPATH=/usr/lib/gradle/1.8/lib/gradle-launcher-1.8.jar
PATH=/usr/local/src/jdk1.7.0_45/bin:/usr/local/src/jdk1.7.0_45/jre/bin:/usr/local/src/jdk1.7.0_45/bin:/usr/local/src/jdk1.7.0_45/jre/bin:/usr/lib/lightdm/lightdm:/usr/local/sbin:/usr/local/bin:/usr/sbin:/usr/bin:/sbin:/bin:/usr/games
SHELL=/bin/bash
DISPLAY=:0.0

Signal Handlers:
SIGSEGV: [libjvm.so+0x7dd350], sa_mask[0]=0x7ffbfeff, sa_flags=0x10000004
SIGBUS: [libjvm.so+0x7dd350], sa_mask[0]=0x7ffbfeff, sa_flags=0x10000004
SIGFPE: [libjvm.so+0x678b60], sa_mask[0]=0x7ffbfeff, sa_flags=0x10000004
SIGPIPE: [libjvm.so+0x678b60], sa_mask[0]=0x7ffbfeff, sa_flags=0x10000004
SIGXFSZ: [libjvm.so+0x678b60], sa_mask[0]=0x7ffbfeff, sa_flags=0x10000004
SIGILL: [libjvm.so+0x678b60], sa_mask[0]=0x7ffbfeff, sa_flags=0x10000004
SIGUSR1: SIG_DFL, sa_mask[0]=0x00000000, sa_flags=0x00000000
SIGUSR2: [libjvm.so+0x67a050], sa_mask[0]=0x00000000, sa_flags=0x10000004
SIGHUP: [libjvm.so+0x67b1a0], sa_mask[0]=0x7ffbfeff, sa_flags=0x10000004
SIGINT: [libjvm.so+0x67b1a0], sa_mask[0]=0x7ffbfeff, sa_flags=0x10000004
SIGTERM: [libjvm.so+0x67b1a0], sa_mask[0]=0x7ffbfeff, sa_flags=0x10000004
SIGQUIT: [libjvm.so+0x67b1a0], sa_mask[0]=0x7ffbfeff, sa_flags=0x10000004


---------------  S Y S T E M  ---------------

OS:wheezy/sid

uname:Linux 3.2.0-23-generic-pae #36-Ubuntu SMP Tue Apr 10 22:19:09 UTC 2012 i686
libc:glibc 2.15 NPTL 2.15 
rlimit: STACK 8192k, CORE 0k, NPROC 15898, NOFILE 4096, AS infinity
load average:2.08 1.51 1.33

/proc/meminfo:
MemTotal:        2049484 kB
MemFree:          224440 kB
Buffers:          320824 kB
Cached:           612180 kB
SwapCached:         2172 kB
Active:          1043928 kB
Inactive:         697456 kB
Active(anon):     629572 kB
Inactive(anon):   293404 kB
Active(file):     414356 kB
Inactive(file):   404052 kB
Unevictable:        2568 kB
Mlocked:               0 kB
HighTotal:       1171720 kB
HighFree:          14924 kB
LowTotal:         877764 kB
LowFree:          209516 kB
SwapTotal:        262140 kB
SwapFree:         249996 kB
Dirty:              4140 kB
Writeback:             0 kB
AnonPages:        810048 kB
Mapped:            63972 kB
Shmem:            111868 kB
Slab:              46036 kB
SReclaimable:      27244 kB
SUnreclaim:        18792 kB
KernelStack:        3504 kB
PageTables:         8176 kB
NFS_Unstable:          0 kB
Bounce:                0 kB
WritebackTmp:          0 kB
CommitLimit:     1286880 kB
Committed_AS:    2969248 kB
VmallocTotal:     122880 kB
VmallocUsed:       11532 kB
VmallocChunk:     108540 kB
HardwareCorrupted:     0 kB
AnonHugePages:         0 kB
HugePages_Total:       0
HugePages_Free:        0
HugePages_Rsvd:        0
HugePages_Surp:        0
Hugepagesize:       2048 kB
DirectMap4k:       10232 kB
DirectMap2M:      903168 kB


CPU:total 4 (2 cores per cpu, 2 threads per core) family 6 model 28 stepping 10, cmov, cx8, fxsr, mmx, sse, sse2, sse3, ssse3, ht, tsc

/proc/cpuinfo:
processor	: 0
vendor_id	: GenuineIntel
cpu family	: 6
model		: 28
model name	: Intel(R) Atom(TM) CPU N570   @ 1.66GHz
stepping	: 10
microcode	: 0x107
cpu MHz		: 1000.000
cache size	: 512 KB
physical id	: 0
siblings	: 4
core id		: 0
cpu cores	: 2
apicid		: 0
initial apicid	: 0
fdiv_bug	: no
hlt_bug		: no
f00f_bug	: no
coma_bug	: no
fpu		: yes
fpu_exception	: yes
cpuid level	: 10
wp		: yes
flags		: fpu vme de pse tsc msr pae mce cx8 apic sep mtrr pge mca cmov pat pse36 clflush dts acpi mmx fxsr sse sse2 ss ht tm pbe nx lm constant_tsc arch_perfmon pebs bts aperfmperf pni dtes64 monitor ds_cpl vmx est tm2 ssse3 cx16 xtpr pdcm movbe lahf_lm dts tpr_shadow vnmi flexpriority
bogomips	: 3325.27
clflush size	: 64
cache_alignment	: 64
address sizes	: 36 bits physical, 48 bits virtual
power management:

processor	: 1
vendor_id	: GenuineIntel
cpu family	: 6
model		: 28
model name	: Intel(R) Atom(TM) CPU N570   @ 1.66GHz
stepping	: 10
microcode	: 0x107
cpu MHz		: 1666.000
cache size	: 512 KB
physical id	: 0
siblings	: 4
core id		: 0
cpu cores	: 2
apicid		: 1
initial apicid	: 1
fdiv_bug	: no
hlt_bug		: no
f00f_bug	: no
coma_bug	: no
fpu		: yes
fpu_exception	: yes
cpuid level	: 10
wp		: yes
flags		: fpu vme de pse tsc msr pae mce cx8 apic sep mtrr pge mca cmov pat pse36 clflush dts acpi mmx fxsr sse sse2 ss ht tm pbe nx lm constant_tsc arch_perfmon pebs bts aperfmperf pni dtes64 monitor ds_cpl vmx est tm2 ssse3 cx16 xtpr pdcm movbe lahf_lm dts tpr_shadow vnmi flexpriority
bogomips	: 3325.30
clflush size	: 64
cache_alignment	: 64
address sizes	: 36 bits physical, 48 bits virtual
power management:

processor	: 2
vendor_id	: GenuineIntel
cpu family	: 6
model		: 28
model name	: Intel(R) Atom(TM) CPU N570   @ 1.66GHz
stepping	: 10
microcode	: 0x107
cpu MHz		: 1666.000
cache size	: 512 KB
physical id	: 0
siblings	: 4
core id		: 1
cpu cores	: 2
apicid		: 2
initial apicid	: 2
fdiv_bug	: no
hlt_bug		: no
f00f_bug	: no
coma_bug	: no
fpu		: yes
fpu_exception	: yes
cpuid level	: 10
wp		: yes
flags		: fpu vme de pse tsc msr pae mce cx8 apic sep mtrr pge mca cmov pat pse36 clflush dts acpi mmx fxsr sse sse2 ss ht tm pbe nx lm constant_tsc arch_perfmon pebs bts aperfmperf pni dtes64 monitor ds_cpl vmx est tm2 ssse3 cx16 xtpr pdcm movbe lahf_lm dts tpr_shadow vnmi flexpriority
bogomips	: 3325.37
clflush size	: 64
cache_alignment	: 64
address sizes	: 36 bits physical, 48 bits virtual
power management:

processor	: 3
vendor_id	: GenuineIntel
cpu family	: 6
model		: 28
model name	: Intel(R) Atom(TM) CPU N570   @ 1.66GHz
stepping	: 10
microcode	: 0x107
cpu MHz		: 1666.000
cache size	: 512 KB
physical id	: 0
siblings	: 4
core id		: 1
cpu cores	: 2
apicid		: 3
initial apicid	: 3
fdiv_bug	: no
hlt_bug		: no
f00f_bug	: no
coma_bug	: no
fpu		: yes
fpu_exception	: yes
cpuid level	: 10
wp		: yes
flags		: fpu vme de pse tsc msr pae mce cx8 apic sep mtrr pge mca cmov pat pse36 clflush dts acpi mmx fxsr sse sse2 ss ht tm pbe nx lm constant_tsc arch_perfmon pebs bts aperfmperf pni dtes64 monitor ds_cpl vmx est tm2 ssse3 cx16 xtpr pdcm movbe lahf_lm dts tpr_shadow vnmi flexpriority
bogomips	: 3325.36
clflush size	: 64
cache_alignment	: 64
address sizes	: 36 bits physical, 48 bits virtual
power management:



Memory: 4k page, physical 2049484k(224440k free), swap 262140k(249996k free)

vm_info: Java HotSpot(TM) Server VM (24.45-b08) for linux-x86 JRE (1.7.0_45-b18), built on Oct  8 2013 05:44:51 by "java_re" with gcc 4.3.0 20080428 (Red Hat 4.3.0-8)

time: Fri Nov 15 14:56:41 2013
elapsed time: 35 seconds

